CAR DEPRECIATION RANKING
Rank 1: 2020 escape, Depreciation Per Mile (in Dollars): 0.862210375231 with 5 samples
Rank 2: 2020 pilot, Depreciation Per Mile (in Dollars): 0.129794802175 with 11 samples
Rank 3: 2005 rav4, Depreciation Per Mile (in Dollars): 0.0459615384615 with 2 samples
Rank 4: 2009 mdx, Depreciation Per Mile (in Dollars): 0.0431708617544 with 5 samples
Rank 5: 2020 civic, Depreciation Per Mile (in Dollars): 0.0414533662483 with 13 samples
Rank 6: 2009 rdx, Depreciation Per Mile (in Dollars): 0.0379237288136 with 1 samples
Rank 7: 2020 accord, Depreciation Per Mile (in Dollars): 0.036196496039 with 19 samples
Rank 8: 2020 corolla, Depreciation Per Mile (in Dollars): 0.0315910770316 with 122 samples
Rank 9: 2001 mdx, Depreciation Per Mile (in Dollars): 0.0230603448276 with 1 samples
Rank 10: 2007 rdx, Depreciation Per Mile (in Dollars): 0.0198577102203 with 2 samples
Rank 11: 2001 escape, Depreciation Per Mile (in Dollars): 0.0101920428854 with 9 samples
Rank 12: 2000 altima, Depreciation Per Mile (in Dollars): 0.00595238095238 with 1 samples
Rank 13: 2019 fusion, Depreciation Per Mile (in Dollars): 0.00414525017127 with 97 samples
Rank 14: 2004 escape, Depreciation Per Mile (in Dollars): 0.00380827314511 with 4 samples
Rank 15: 2004 rav4, Depreciation Per Mile (in Dollars): 0.00345412429477 with 12 samples
Rank 16: 2002 corolla, Depreciation Per Mile (in Dollars): 0.00326085944397 with 5 samples
Rank 17: 2020 altima, Depreciation Per Mile (in Dollars): 0.00160910715104 with 11 samples
Rank 18: 2010 pilot, Depreciation Per Mile (in Dollars): 0.0013634715785 with 8 samples
Rank 19: 2002 prius, Depreciation Per Mile (in Dollars): 0.000577763897564 with 4 samples
Rank 20: 2001 pilot, Depreciation Per Mile (in Dollars): 0.000175404438785 with 1 samples
Rank 21: 2000 civic, Depreciation Per Mile (in Dollars): -0.000893482058823 with 10 samples
Rank 22: 2015 altima, Depreciation Per Mile (in Dollars): -0.00172921323186 with 109 samples
Rank 23: 2007 mdx, Depreciation Per Mile (in Dollars): -0.00181250986492 with 6 samples
Rank 24: 2011 camry, Depreciation Per Mile (in Dollars): -0.00206954118103 with 83 samples
Rank 25: 2008 corolla, Depreciation Per Mile (in Dollars): -0.0021731676288 with 12 samples
Rank 26: 2007 camry, Depreciation Per Mile (in Dollars): -0.00248457274625 with 120 samples
Rank 27: 2010 prius, Depreciation Per Mile (in Dollars): -0.00248600436655 with 157 samples
Rank 28: 2001 accord, Depreciation Per Mile (in Dollars): -0.0025664297395 with 27 samples
Rank 29: 2004 altima, Depreciation Per Mile (in Dollars): -0.00324112701367 with 6 samples
Rank 30: 2011 rav4, Depreciation Per Mile (in Dollars): -0.00410066146841 with 13 samples
Rank 31: 2014 camry, Depreciation Per Mile (in Dollars): -0.00420367883022 with 99 samples
Rank 32: 2002 civic, Depreciation Per Mile (in Dollars): -0.00482249541878 with 40 samples
Rank 33: 2000 accord, Depreciation Per Mile (in Dollars): -0.00490268585993 with 23 samples
Rank 34: 2005 altima, Depreciation Per Mile (in Dollars): -0.00615922830143 with 18 samples
Rank 35: 2005 prius, Depreciation Per Mile (in Dollars): -0.00636484047464 with 30 samples
Rank 36: 2001 camry, Depreciation Per Mile (in Dollars): -0.00692938316756 with 12 samples
Rank 37: 2008 fusion, Depreciation Per Mile (in Dollars): -0.00770760055054 with 2 samples
Rank 38: 2003 accord, Depreciation Per Mile (in Dollars): -0.0080574181817 with 29 samples
Rank 39: 2009 altima, Depreciation Per Mile (in Dollars): -0.00807414426562 with 26 samples
Rank 40: 2001 civic, Depreciation Per Mile (in Dollars): -0.00897227753568 with 25 samples
Rank 41: 2004 civic, Depreciation Per Mile (in Dollars): -0.00900941375258 with 50 samples
Rank 42: 2004 mdx, Depreciation Per Mile (in Dollars): -0.00924213006077 with 12 samples
Rank 43: 2020 rav4, Depreciation Per Mile (in Dollars): -0.00954401239213 with 26 samples
Rank 44: 2000 camry, Depreciation Per Mile (in Dollars): -0.00970450426532 with 21 samples
Rank 45: 2006 escape, Depreciation Per Mile (in Dollars): -0.0105786186116 with 17 samples
Rank 46: 2015 rav4, Depreciation Per Mile (in Dollars): -0.0114691607999 with 64 samples
Rank 47: 2005 escape, Depreciation Per Mile (in Dollars): -0.0116109880456 with 19 samples
Rank 48: 2014 prius, Depreciation Per Mile (in Dollars): -0.0123470615236 with 146 samples
Rank 49: 2007 accord, Depreciation Per Mile (in Dollars): -0.0124492027173 with 56 samples
Rank 50: 2002 camry, Depreciation Per Mile (in Dollars): -0.0125450569541 with 38 samples
Rank 51: 2001 corolla, Depreciation Per Mile (in Dollars): -0.0132106218259 with 18 samples
Rank 52: 2005 mdx, Depreciation Per Mile (in Dollars): -0.0133657599678 with 9 samples
Rank 53: 2002 accord, Depreciation Per Mile (in Dollars): -0.0134018953524 with 30 samples
Rank 54: 2005 accord, Depreciation Per Mile (in Dollars): -0.0137298211166 with 41 samples
Rank 55: 2007 corolla, Depreciation Per Mile (in Dollars): -0.0139725296643 with 39 samples
Rank 56: 2014 rav4, Depreciation Per Mile (in Dollars): -0.0140641103292 with 47 samples
Rank 57: 2005 corolla, Depreciation Per Mile (in Dollars): -0.0150438198209 with 19 samples
Rank 58: 2007 altima, Depreciation Per Mile (in Dollars): -0.0150931094636 with 12 samples
Rank 59: 2006 mdx, Depreciation Per Mile (in Dollars): -0.0153587428301 with 4 samples
Rank 60: 2004 corolla, Depreciation Per Mile (in Dollars): -0.0157356243627 with 26 samples
Rank 61: 2003 civic, Depreciation Per Mile (in Dollars): -0.0158988493235 with 18 samples
Rank 62: 2001 altima, Depreciation Per Mile (in Dollars): -0.0166982331549 with 14 samples
Rank 63: 2001 prius, Depreciation Per Mile (in Dollars): -0.0171154291977 with 7 samples
Rank 64: 2003 corolla, Depreciation Per Mile (in Dollars): -0.0171859693368 with 14 samples
Rank 65: 2005 civic, Depreciation Per Mile (in Dollars): -0.0173036786042 with 44 samples
Rank 66: 2005 camry, Depreciation Per Mile (in Dollars): -0.0176291154618 with 41 samples
Rank 67: 2002 mdx, Depreciation Per Mile (in Dollars): -0.0177105988471 with 3 samples
Rank 68: 2007 fusion, Depreciation Per Mile (in Dollars): -0.0177156905025 with 12 samples
Rank 69: 2009 corolla, Depreciation Per Mile (in Dollars): -0.0178450916212 with 70 samples
Rank 70: 2007 prius, Depreciation Per Mile (in Dollars): -0.0183115130665 with 106 samples
Rank 71: 2006 civic, Depreciation Per Mile (in Dollars): -0.0190283523564 with 55 samples
Rank 72: 2008 prius, Depreciation Per Mile (in Dollars): -0.0190865311748 with 92 samples
Rank 73: 2004 accord, Depreciation Per Mile (in Dollars): -0.0190987168701 with 25 samples
Rank 74: 2006 accord, Depreciation Per Mile (in Dollars): -0.0191322439944 with 36 samples
Rank 75: 2002 rav4, Depreciation Per Mile (in Dollars): -0.0191619477242 with 10 samples
Rank 76: 2019 camry, Depreciation Per Mile (in Dollars): -0.0202266774348 with 346 samples
Rank 77: 2019 mdx, Depreciation Per Mile (in Dollars): -0.020481975229 with 29 samples
Rank 78: 2007 civic, Depreciation Per Mile (in Dollars): -0.0211466240691 with 47 samples
Rank 79: 2003 camry, Depreciation Per Mile (in Dollars): -0.0215724872423 with 29 samples
Rank 80: 2015 fusion, Depreciation Per Mile (in Dollars): -0.0220173969163 with 88 samples
Rank 81: 2004 camry, Depreciation Per Mile (in Dollars): -0.0223776650924 with 27 samples
Rank 82: 2004 prius, Depreciation Per Mile (in Dollars): -0.0224031907281 with 22 samples
Rank 83: 2011 civic, Depreciation Per Mile (in Dollars): -0.0225769872818 with 59 samples
Rank 84: 2015 civic, Depreciation Per Mile (in Dollars): -0.0225790935003 with 150 samples
Rank 85: 2010 corolla, Depreciation Per Mile (in Dollars): -0.022728019402 with 96 samples
Rank 86: 2006 prius, Depreciation Per Mile (in Dollars): -0.0228314587438 with 54 samples
Rank 87: 2009 civic, Depreciation Per Mile (in Dollars): -0.0228348303145 with 62 samples
Rank 88: 2009 camry, Depreciation Per Mile (in Dollars): -0.0228489723044 with 97 samples
Rank 89: 2014 accord, Depreciation Per Mile (in Dollars): -0.023251973685 with 92 samples
Rank 90: 2008 escape, Depreciation Per Mile (in Dollars): -0.0234302611016 with 26 samples
Rank 91: 2000 corolla, Depreciation Per Mile (in Dollars): -0.0238724445562 with 14 samples
Rank 92: 2006 corolla, Depreciation Per Mile (in Dollars): -0.0245408017265 with 41 samples
Rank 93: 2008 civic, Depreciation Per Mile (in Dollars): -0.0250177548197 with 69 samples
Rank 94: 2004 pilot, Depreciation Per Mile (in Dollars): -0.0252865233762 with 10 samples
Rank 95: 2006 rav4, Depreciation Per Mile (in Dollars): -0.0254400106802 with 25 samples
Rank 96: 2015 corolla, Depreciation Per Mile (in Dollars): -0.0254907111903 with 85 samples
Rank 97: 2007 escape, Depreciation Per Mile (in Dollars): -0.0260440201547 with 13 samples
Rank 98: 2003 pilot, Depreciation Per Mile (in Dollars): -0.0264452578893 with 10 samples
Rank 99: 2010 fusion, Depreciation Per Mile (in Dollars): -0.0265887009085 with 33 samples
Rank 100: 2006 camry, Depreciation Per Mile (in Dollars): -0.0270801007851 with 23 samples
Rank 101: 2009 pilot, Depreciation Per Mile (in Dollars): -0.0276749341393 with 12 samples
Rank 102: 2008 altima, Depreciation Per Mile (in Dollars): -0.0281460935574 with 26 samples
Rank 103: 2010 civic, Depreciation Per Mile (in Dollars): -0.0283241949558 with 49 samples
Rank 104: 2016 accord, Depreciation Per Mile (in Dollars): -0.0289506485869 with 94 samples
Rank 105: 2013 corolla, Depreciation Per Mile (in Dollars): -0.0290374279443 with 68 samples
Rank 106: 2010 rav4, Depreciation Per Mile (in Dollars): -0.029051126538 with 31 samples
Rank 107: 2003 altima, Depreciation Per Mile (in Dollars): -0.0292108401455 with 5 samples
Rank 108: 2007 rav4, Depreciation Per Mile (in Dollars): -0.0293512121433 with 23 samples
Rank 109: 2009 escape, Depreciation Per Mile (in Dollars): -0.0294732494086 with 23 samples
Rank 110: 2009 accord, Depreciation Per Mile (in Dollars): -0.0296096100034 with 43 samples
Rank 111: 2012 rav4, Depreciation Per Mile (in Dollars): -0.0296271334059 with 18 samples
Rank 112: 2008 camry, Depreciation Per Mile (in Dollars): -0.0296806150571 with 49 samples
Rank 113: 2020 camry, Depreciation Per Mile (in Dollars): -0.0299727558613 with 5 samples
Rank 114: 2006 pilot, Depreciation Per Mile (in Dollars): -0.0301365125543 with 15 samples
Rank 115: 2009 prius, Depreciation Per Mile (in Dollars): -0.0301495420888 with 63 samples
Rank 116: 2011 escape, Depreciation Per Mile (in Dollars): -0.0302627724931 with 25 samples
Rank 117: 2010 accord, Depreciation Per Mile (in Dollars): -0.030275752722 with 57 samples
Rank 118: 2010 altima, Depreciation Per Mile (in Dollars): -0.0306078346983 with 17 samples
Rank 119: 2009 fusion, Depreciation Per Mile (in Dollars): -0.0309722415523 with 7 samples
Rank 120: 2008 rav4, Depreciation Per Mile (in Dollars): -0.0312318352412 with 19 samples
Rank 121: 2013 rav4, Depreciation Per Mile (in Dollars): -0.0312366597105 with 16 samples
Rank 122: 2010 camry, Depreciation Per Mile (in Dollars): -0.0313890741619 with 55 samples
Rank 123: 2011 fusion, Depreciation Per Mile (in Dollars): -0.0320826776573 with 17 samples
Rank 124: 2011 corolla, Depreciation Per Mile (in Dollars): -0.0321014232185 with 45 samples
Rank 125: 2003 escape, Depreciation Per Mile (in Dollars): -0.0322965454515 with 3 samples
Rank 126: 2008 accord, Depreciation Per Mile (in Dollars): -0.0326609092693 with 40 samples
Rank 127: 2016 rav4, Depreciation Per Mile (in Dollars): -0.0329130174084 with 30 samples
Rank 128: 2011 prius, Depreciation Per Mile (in Dollars): -0.0330412029626 with 96 samples
Rank 129: 2007 pilot, Depreciation Per Mile (in Dollars): -0.0344670688684 with 32 samples
Rank 130: 2015 accord, Depreciation Per Mile (in Dollars): -0.03482713244 with 87 samples
Rank 131: 2012 camry, Depreciation Per Mile (in Dollars): -0.0351290074088 with 93 samples
Rank 132: 2017 civic, Depreciation Per Mile (in Dollars): -0.0352758630638 with 314 samples
Rank 133: 2011 altima, Depreciation Per Mile (in Dollars): -0.0353791413231 with 29 samples
Rank 134: 2001 rav4, Depreciation Per Mile (in Dollars): -0.0355136784701 with 3 samples
Rank 135: 2013 camry, Depreciation Per Mile (in Dollars): -0.035822816257 with 63 samples
Rank 136: 2016 altima, Depreciation Per Mile (in Dollars): -0.0359592533821 with 75 samples
Rank 137: 2012 escape, Depreciation Per Mile (in Dollars): -0.0362142125616 with 59 samples
Rank 138: 2012 altima, Depreciation Per Mile (in Dollars): -0.0362487506104 with 66 samples
Rank 139: 2003 mdx, Depreciation Per Mile (in Dollars): -0.0364927882601 with 4 samples
Rank 140: 2011 pilot, Depreciation Per Mile (in Dollars): -0.0369014495737 with 38 samples
Rank 141: 2012 civic, Depreciation Per Mile (in Dollars): -0.0376966198575 with 158 samples
Rank 142: 2009 rav4, Depreciation Per Mile (in Dollars): -0.0378599175721 with 10 samples
Rank 143: 2012 fusion, Depreciation Per Mile (in Dollars): -0.0387762627456 with 66 samples
Rank 144: 2018 pilot, Depreciation Per Mile (in Dollars): -0.0389524983081 with 31 samples
Rank 145: 2005 pilot, Depreciation Per Mile (in Dollars): -0.0399102436566 with 20 samples
Rank 146: 2016 civic, Depreciation Per Mile (in Dollars): -0.0399776627168 with 128 samples
Rank 147: 2013 prius, Depreciation Per Mile (in Dollars): -0.040636952099 with 196 samples
Rank 148: 2010 escape, Depreciation Per Mile (in Dollars): -0.0412605057609 with 22 samples
Rank 149: 2008 mdx, Depreciation Per Mile (in Dollars): -0.0417770173189 with 11 samples
Rank 150: 2014 civic, Depreciation Per Mile (in Dollars): -0.0417993023096 with 67 samples
Rank 151: 2017 accord, Depreciation Per Mile (in Dollars): -0.0421644046341 with 278 samples
Rank 152: 2014 corolla, Depreciation Per Mile (in Dollars): -0.043219591813 with 66 samples
Rank 153: 2003 rav4, Depreciation Per Mile (in Dollars): -0.0438317068523 with 5 samples
Rank 154: 2016 corolla, Depreciation Per Mile (in Dollars): -0.044548362609 with 129 samples
Rank 155: 2016 camry, Depreciation Per Mile (in Dollars): -0.0450209563865 with 80 samples
Rank 156: 2012 prius, Depreciation Per Mile (in Dollars): -0.0452601847441 with 165 samples
Rank 157: 2018 corolla, Depreciation Per Mile (in Dollars): -0.0457412818379 with 154 samples
Rank 158: 2002 altima, Depreciation Per Mile (in Dollars): -0.0460625216252 with 5 samples
Rank 159: 2014 altima, Depreciation Per Mile (in Dollars): -0.046132783305 with 55 samples
Rank 160: 2008 pilot, Depreciation Per Mile (in Dollars): -0.0471735368579 with 14 samples
Rank 161: 2011 accord, Depreciation Per Mile (in Dollars): -0.0480288323347 with 42 samples
Rank 162: 2013 altima, Depreciation Per Mile (in Dollars): -0.0484765583453 with 50 samples
Rank 163: 2015 prius, Depreciation Per Mile (in Dollars): -0.0485447833344 with 197 samples
Rank 164: 2013 fusion, Depreciation Per Mile (in Dollars): -0.0485865134041 with 86 samples
Rank 165: 2015 camry, Depreciation Per Mile (in Dollars): -0.0490210585379 with 79 samples
Rank 166: 2017 escape, Depreciation Per Mile (in Dollars): -0.0491962713862 with 93 samples
Rank 167: 2013 escape, Depreciation Per Mile (in Dollars): -0.0494848991138 with 61 samples
Rank 168: 2012 corolla, Depreciation Per Mile (in Dollars): -0.0495192294894 with 38 samples
Rank 169: 2017 altima, Depreciation Per Mile (in Dollars): -0.0498619793026 with 76 samples
Rank 170: 2018 rav4, Depreciation Per Mile (in Dollars): -0.0501353715333 with 105 samples
Rank 171: 2014 fusion, Depreciation Per Mile (in Dollars): -0.0510752016555 with 64 samples
Rank 172: 2017 corolla, Depreciation Per Mile (in Dollars): -0.0511893324561 with 289 samples
Rank 173: 2015 mdx, Depreciation Per Mile (in Dollars): -0.0520975864972 with 14 samples
Rank 174: 2002 escape, Depreciation Per Mile (in Dollars): -0.0528080681243 with 3 samples
Rank 175: 2019 altima, Depreciation Per Mile (in Dollars): -0.0529220597069 with 48 samples
Rank 176: 2017 camry, Depreciation Per Mile (in Dollars): -0.0529420752622 with 251 samples
Rank 177: 2012 mdx, Depreciation Per Mile (in Dollars): -0.0529457224735 with 5 samples
Rank 178: 2012 accord, Depreciation Per Mile (in Dollars): -0.0543278264326 with 79 samples
Rank 179: 2016 escape, Depreciation Per Mile (in Dollars): -0.0547576589848 with 49 samples
Rank 180: 2010 mdx, Depreciation Per Mile (in Dollars): -0.0569249703555 with 16 samples
Rank 181: 2015 pilot, Depreciation Per Mile (in Dollars): -0.0571768013403 with 32 samples
Rank 182: 2013 rdx, Depreciation Per Mile (in Dollars): -0.0579316132828 with 19 samples
Rank 183: 2015 rdx, Depreciation Per Mile (in Dollars): -0.0581650012849 with 9 samples
Rank 184: 2013 pilot, Depreciation Per Mile (in Dollars): -0.058287752351 with 30 samples
Rank 185: 2008 rdx, Depreciation Per Mile (in Dollars): -0.0589536439119 with 6 samples
Rank 186: 2013 civic, Depreciation Per Mile (in Dollars): -0.0598032098589 with 152 samples
Rank 187: 2016 fusion, Depreciation Per Mile (in Dollars): -0.0605866899162 with 101 samples
Rank 188: 2014 rdx, Depreciation Per Mile (in Dollars): -0.0615099452488 with 14 samples
Rank 189: 2017 rdx, Depreciation Per Mile (in Dollars): -0.0622839657052 with 162 samples
Rank 190: 2019 corolla, Depreciation Per Mile (in Dollars): -0.063403901413 with 105 samples
Rank 191: 2018 altima, Depreciation Per Mile (in Dollars): -0.0646027930326 with 42 samples
Rank 192: 2013 accord, Depreciation Per Mile (in Dollars): -0.065146970297 with 118 samples
Rank 193: 2006 altima, Depreciation Per Mile (in Dollars): -0.0659047827169 with 10 samples
Rank 194: 2017 fusion, Depreciation Per Mile (in Dollars): -0.0693013503797 with 185 samples
Rank 195: 2014 pilot, Depreciation Per Mile (in Dollars): -0.0702261579961 with 22 samples
Rank 196: 2017 prius, Depreciation Per Mile (in Dollars): -0.0702933098947 with 223 samples
Rank 197: 2013 mdx, Depreciation Per Mile (in Dollars): -0.0708064389917 with 10 samples
Rank 198: 2011 rdx, Depreciation Per Mile (in Dollars): -0.0708420708363 with 5 samples
Rank 199: 2016 rdx, Depreciation Per Mile (in Dollars): -0.0716699505256 with 6 samples
Rank 200: 2018 accord, Depreciation Per Mile (in Dollars): -0.0728960479808 with 94 samples
Rank 201: 2014 escape, Depreciation Per Mile (in Dollars): -0.0729288036124 with 73 samples
Rank 202: 2014 mdx, Depreciation Per Mile (in Dollars): -0.0730143596618 with 11 samples
Rank 203: 2015 escape, Depreciation Per Mile (in Dollars): -0.0738375509946 with 41 samples
Rank 204: 2010 rdx, Depreciation Per Mile (in Dollars): -0.0741238498531 with 7 samples
Rank 205: 2018 civic, Depreciation Per Mile (in Dollars): -0.0764092683489 with 125 samples
Rank 206: 2018 camry, Depreciation Per Mile (in Dollars): -0.0765640587327 with 141 samples
Rank 207: 2011 mdx, Depreciation Per Mile (in Dollars): -0.0779004539726 with 16 samples
Rank 208: 2018 fusion, Depreciation Per Mile (in Dollars): -0.0782307197176 with 88 samples
Rank 209: 2012 pilot, Depreciation Per Mile (in Dollars): -0.0804050024245 with 28 samples
Rank 210: 2017 rav4, Depreciation Per Mile (in Dollars): -0.0835705347719 with 228 samples
Rank 211: 2016 prius, Depreciation Per Mile (in Dollars): -0.0855102807254 with 138 samples
Rank 212: 2017 mdx, Depreciation Per Mile (in Dollars): -0.0876002436659 with 76 samples
Rank 213: 2017 pilot, Depreciation Per Mile (in Dollars): -0.0902514230309 with 60 samples
Rank 214: 2018 escape, Depreciation Per Mile (in Dollars): -0.091977181458 with 57 samples
Rank 215: 2018 rdx, Depreciation Per Mile (in Dollars): -0.0938470539016 with 16 samples
Rank 216: 2016 mdx, Depreciation Per Mile (in Dollars): -0.106610817057 with 15 samples
Rank 217: 2018 prius, Depreciation Per Mile (in Dollars): -0.126032754846 with 62 samples
Rank 218: 2019 accord, Depreciation Per Mile (in Dollars): -0.1311340043 with 22 samples
Rank 219: 2019 rav4, Depreciation Per Mile (in Dollars): -0.138512747674 with 142 samples
Rank 220: 2016 pilot, Depreciation Per Mile (in Dollars): -0.146838563751 with 26 samples
Rank 221: 2019 escape, Depreciation Per Mile (in Dollars): -0.149122195425 with 24 samples
Rank 222: 2019 rdx, Depreciation Per Mile (in Dollars): -0.168720396632 with 12 samples
Rank 223: 2019 civic, Depreciation Per Mile (in Dollars): -0.170803262708 with 62 samples
Rank 224: 2018 mdx, Depreciation Per Mile (in Dollars): -0.171462033177 with 6 samples
Rank 225: 2019 prius, Depreciation Per Mile (in Dollars): -0.215562986445 with 137 samples
Rank 226: 2020 prius, Depreciation Per Mile (in Dollars): -0.353484447038 with 7 samples
Rank 227: 2019 pilot, Depreciation Per Mile (in Dollars): -0.547325716759 with 16 samples
Rank 228: 2020 mdx, Depreciation Per Mile (in Dollars): -0.874397890773 with 7 samples
Rank 229: 2020 fusion, Depreciation Per Mile (in Dollars): -6.90914845903 with 8 samples
